  AIProject.cpp
c:\users\gregory\desktop\aiproject\aiproject\player.h(28): warning C4244: '=': conversion from 'float' to 'SHORT', possible loss of data
c:\users\gregory\desktop\aiproject\aiproject\player.h(29): warning C4244: '=': conversion from 'float' to 'SHORT', possible loss of data
c:\users\gregory\desktop\aiproject\aiproject\player.h(35): warning C4244: '=': conversion from 'float' to 'SHORT', possible loss of data
c:\users\gregory\desktop\aiproject\aiproject\player.h(36): warning C4244: '=': conversion from 'float' to 'SHORT', possible loss of data
c:\users\gregory\desktop\aiproject\aiproject\gamestarter.h(24): warning C4244: 'argument': conversion from 'int' to 'float', possible loss of data
c:\users\gregory\desktop\aiproject\aiproject\gamestarter.h(55): warning C4244: 'argument': conversion from 'int' to 'float', possible loss of data
c:\users\gregory\desktop\aiproject\aiproject\gamestarter.h(56): warning C4244: 'argument': conversion from 'int' to 'float', possible loss of data
c:\users\gregory\desktop\aiproject\aiproject\gamestarter.h(57): warning C4244: 'argument': conversion from 'int' to 'float', possible loss of data
c:\users\gregory\desktop\aiproject\aiproject\gamestarter.h(58): warning C4244: 'argument': conversion from 'int' to 'float', possible loss of data
  Game.cpp
c:\users\gregory\desktop\aiproject\aiproject\player.h(28): warning C4244: '=': conversion from 'float' to 'SHORT', possible loss of data
c:\users\gregory\desktop\aiproject\aiproject\player.h(29): warning C4244: '=': conversion from 'float' to 'SHORT', possible loss of data
c:\users\gregory\desktop\aiproject\aiproject\player.h(35): warning C4244: '=': conversion from 'float' to 'SHORT', possible loss of data
c:\users\gregory\desktop\aiproject\aiproject\player.h(36): warning C4244: '=': conversion from 'float' to 'SHORT', possible loss of data
c:\users\gregory\desktop\aiproject\aiproject\gamestarter.h(24): warning C4244: 'argument': conversion from 'int' to 'float', possible loss of data
c:\users\gregory\desktop\aiproject\aiproject\gamestarter.h(55): warning C4244: 'argument': conversion from 'int' to 'float', possible loss of data
c:\users\gregory\desktop\aiproject\aiproject\gamestarter.h(56): warning C4244: 'argument': conversion from 'int' to 'float', possible loss of data
c:\users\gregory\desktop\aiproject\aiproject\gamestarter.h(57): warning C4244: 'argument': conversion from 'int' to 'float', possible loss of data
c:\users\gregory\desktop\aiproject\aiproject\gamestarter.h(58): warning C4244: 'argument': conversion from 'int' to 'float', possible loss of data
  Generating Code...
  AIProject.vcxproj -> C:\Users\Gregory\Desktop\AIProject\x64\Debug\AIProject.exe
